  AIWorld.cpp
C:\Users\lcv2142944\Desktop\AICourse\Code\AI\Inc\Entity.h(8,10): error C2061: syntax error: identifier 'AIWorld'
  (compiling source file '/Src/AIWorld.cpp')
  
C:\Users\lcv2142944\Desktop\AICourse\Code\AI\Inc\Entity.h(16,10): error C2143: syntax error: missing ';' before '&'
  (compiling source file '/Src/AIWorld.cpp')
  
C:\Users\lcv2142944\Desktop\AICourse\Code\AI\Inc\Entity.h(16,10): error C4430: missing type specifier - int assumed. Note: C++ does not support default-int
  (compiling source file '/Src/AIWorld.cpp')
  
C:\Users\lcv2142944\Desktop\AICourse\Code\AI\Inc\Entity.h(16,17): error C2238: unexpected token(s) preceding ';'
  (compiling source file '/Src/AIWorld.cpp')
  
C:\Users\lcv2142944\Desktop\AICourse\Code\AI\Src\AIWorld.cpp(18,2): error C2678: binary '==': no operator found which takes a left-hand operand of type '_InIt' (or there is no acceptable conversion)
C:\Users\lcv2142944\Desktop\AICourse\Code\AI\Src\AIWorld.cpp(18,2): error C2678:         with
C:\Users\lcv2142944\Desktop\AICourse\Code\AI\Src\AIWorld.cpp(18,2): error C2678:         [
C:\Users\lcv2142944\Desktop\AICourse\Code\AI\Src\AIWorld.cpp(18,2): error C2678:             _InIt=std::_Vector_iterator<std::_Vector_val<std::_Simple_types<AI::Entity *>>>
C:\Users\lcv2142944\Desktop\AICourse\Code\AI\Src\AIWorld.cpp(18,2): error C2678:         ]
  (compiling source file '/Src/AIWorld.cpp')
  C:\Program Files\Microsoft Visual Studio\2022\Community\VC\Tools\MSVC\14.38.33130\include\vector(160,34):
  could be 'bool std::_Vector_const_iterator<std::_Vector_val<std::_Simple_types<_Ty>>>::operator ==(const std::_Vector_const_iterator<std::_Vector_val<std::_Simple_types<_Ty>>> &) noexcept const'
          with
          [
              _Ty=AI::Entity *
          ]
  C:\Program Files (x86)\Windows Kits\10\Include\10.0.22621.0\shared\guiddef.h(192,15):
  or       'bool operator ==(const GUID &,const GUID &)'
  C:\Program Files\Microsoft Visual Studio\2022\Community\VC\Tools\MSVC\14.38.33130\include\variant(1658,39):
  or       'bool std::operator ==(std::monostate,std::monostate) noexcept' [found using argument-dependent lookup]
  C:\Program Files\Microsoft Visual Studio\2022\Community\VC\Tools\MSVC\14.38.33130\include\utility(490,27):
  or       'bool std::operator ==(const std::pair<_Ty1,_Ty2> &,const std::pair<_Uty1,_Uty2> &)'
  	C:\Users\lcv2142944\Desktop\AICourse\Code\AI\Src\AIWorld.cpp(18,2):
  	'bool std::operator ==(const std::pair<_Ty1,_Ty2> &,const std::pair<_Uty1,_Uty2> &)': could not deduce template argument for 'const std::pair<_Ty1,_Ty2> &' from '_InIt'
          with
          [
              _InIt=std::_Vector_iterator<std::_Vector_val<std::_Simple_types<AI::Entity *>>>
          ]
  C:\Program Files\Microsoft Visual Studio\2022\Community\VC\Tools\MSVC\14.38.33130\include\xutility(1676,5):
  or       'bool std::operator ==(const std::reverse_iterator<_BidIt> &,const std::reverse_iterator<_BidIt2> &) noexcept(<expr>)'
  	C:\Users\lcv2142944\Desktop\AICourse\Code\AI\Src\AIWorld.cpp(18,2):
  	'bool std::operator ==(const std::reverse_iterator<_BidIt> &,const std::reverse_iterator<_BidIt2> &) noexcept(<expr>)': could not deduce template argument for 'const std::reverse_iterator<_BidIt> &' from '_InIt'
          with
          [
              _InIt=std::_Vector_iterator<std::_Vector_val<std::_Simple_types<AI::Entity *>>>
          ]
  C:\Program Files\Microsoft Visual Studio\2022\Community\VC\Tools\MSVC\14.38.33130\include\xutility(4251,5):
  or       'bool std::operator ==(const std::move_iterator<_Iter> &,const std::move_iterator<_Iter2> &) noexcept(<expr>)'
  	C:\Users\lcv2142944\Desktop\AICourse\Code\AI\Src\AIWorld.cpp(18,2):
  	'bool std::operator ==(const std::move_iterator<_Iter> &,const std::move_iterator<_Iter2> &) noexcept(<expr>)': could not deduce template argument for 'const std::move_iterator<_Iter> &' from '_InIt'
          with
          [
              _InIt=std::_Vector_iterator<std::_Vector_val<std::_Simple_types<AI::Entity *>>>
          ]
  C:\Program Files\Microsoft Visual Studio\2022\Community\VC\Tools\MSVC\14.38.33130\include\xmemory(1038,30):
  or       'bool std::operator ==(const std::allocator<_Ty> &,const std::allocator<_Other> &) noexcept'
  	C:\Users\lcv2142944\Desktop\AICourse\Code\AI\Src\AIWorld.cpp(18,2):
  	'bool std::operator ==(const std::allocator<_Ty> &,const std::allocator<_Other> &) noexcept': could not deduce template argument for 'const std::allocator<_Ty> &' from '_InIt'
          with
          [
              _InIt=std::_Vector_iterator<std::_Vector_val<std::_Simple_types<AI::Entity *>>>
          ]
  C:\Program Files\Microsoft Visual Studio\2022\Community\VC\Tools\MSVC\14.38.33130\include\array(777,30):
  or       'bool std::operator ==(const std::array<_Ty,_Size> &,const std::array<_Ty,_Size> &)'
  	C:\Users\lcv2142944\Desktop\AICourse\Code\AI\Src\AIWorld.cpp(18,2):
  	'bool std::operator ==(const std::array<_Ty,_Size> &,const std::array<_Ty,_Size> &)': could not deduce template argument for 'const std::array<_Ty,_Size> &' from '_InIt'
          with
          [
              _InIt=std::_Vector_iterator<std::_Vector_val<std::_Simple_types<AI::Entity *>>>
          ]
  C:\Program Files\Microsoft Visual Studio\2022\Community\VC\Tools\MSVC\14.38.33130\include\tuple(872,27):
  or       'bool std::operator ==(const std::tuple<_Types...> &,const std::tuple<_Types...> &)'
  	C:\Users\lcv2142944\Desktop\AICourse\Code\AI\Src\AIWorld.cpp(18,2):
  	'bool std::operator ==(const std::tuple<_Types...> &,const std::tuple<_Types...> &)': could not deduce template argument for 'const std::tuple<_Types...> &' from '_InIt'
          with
          [
              _InIt=std::_Vector_iterator<std::_Vector_val<std::_Simple_types<AI::Entity *>>>
          ]
  C:\Program Files\Microsoft Visual Studio\2022\Community\VC\Tools\MSVC\14.38.33130\include\xstring(1647,27):
  or       'bool std::operator ==(const std::basic_string_view<_Elem,_Traits>,const std::basic_string_view<_Elem,_Traits>) noexcept'
  	C:\Users\lcv2142944\Desktop\AICourse\Code\AI\Src\AIWorld.cpp(18,2):
  	'bool std::operator ==(const std::basic_string_view<_Elem,_Traits>,const std::basic_string_view<_Elem,_Traits>) noexcept': could not deduce template argument for 'const std::basic_string_view<_Elem,_Traits>' from '_InIt'
          with
          [
              _InIt=std::_Vector_iterator<std::_Vector_val<std::_Simple_types<AI::Entity *>>>
          ]
  C:\Program Files\Microsoft Visual Studio\2022\Community\VC\Tools\MSVC\14.38.33130\include\xstring(1654,27):
  or       'bool std::operator ==(const _Identity<std::basic_string_view<_Elem,_Traits>>::type,const std::basic_string_view<_Elem,_Traits>) noexcept'
  	C:\Users\lcv2142944\Desktop\AICourse\Code\AI\Src\AIWorld.cpp(18,2):
  	'bool std::operator ==(const _Identity<std::basic_string_view<_Elem,_Traits>>::type,const std::basic_string_view<_Elem,_Traits>) noexcept': could not deduce template argument for 'const std::basic_string_view<_Elem,_Traits>' from 'AI::EntityPtrs'
  C:\Program Files\Microsoft Visual Studio\2022\Community\VC\Tools\MSVC\14.38.33130\include\xstring(1661,27):
  or       'bool std::operator ==(const std::basic_string_view<_Elem,_Traits>,const _Identity<std::basic_string_view<_Elem,_Traits>>::type) noexcept'
  	C:\Users\lcv2142944\Desktop\AICourse\Code\AI\Src\AIWorld.cpp(18,2):
  	'bool std::operator ==(const std::basic_string_view<_Elem,_Traits>,const _Identity<std::basic_string_view<_Elem,_Traits>>::type) noexcept': could not deduce template argument for 'const std::basic_string_view<_Elem,_Traits>' from '_InIt'
          with
          [
              _InIt=std::_Vector_iterator<std::_Vector_val<std::_Simple_types<AI::Entity *>>>
          ]
  C:\Program Files\Microsoft Visual Studio\2022\Community\VC\Tools\MSVC\14.38.33130\include\xstring(5017,30):
  or       'bool std::operator ==(const std::basic_string<_Elem,_Traits,_Alloc> &,const std::basic_string<_Elem,_Traits,_Alloc> &) noexcept'
  	C:\Users\lcv2142944\Desktop\AICourse\Code\AI\Src\AIWorld.cpp(18,2):
  	'bool std::operator ==(const std::basic_string<_Elem,_Traits,_Alloc> &,const std::basic_string<_Elem,_Traits,_Alloc> &) noexcept': could not deduce template argument for 'const std::basic_string<_Elem,_Traits,_Alloc> &' from '_InIt'
          with
          [
              _InIt=std::_Vector_iterator<std::_Vector_val<std::_Simple_types<AI::Entity *>>>
          ]
  C:\Program Files\Microsoft Visual Studio\2022\Community\VC\Tools\MSVC\14.38.33130\include\xstring(5023,30):
  or       'bool std::operator ==(const std::basic_string<_Elem,_Traits,_Alloc> &,const _Elem *const )'
  	C:\Users\lcv2142944\Desktop\AICourse\Code\AI\Src\AIWorld.cpp(18,2):
  	'bool std::operator ==(const std::basic_string<_Elem,_Traits,_Alloc> &,const _Elem *const )': could not deduce template argument for 'const std::basic_string<_Elem,_Traits,_Alloc> &' from '_InIt'
          with
          [
              _InIt=std::_Vector_iterator<std::_Vector_val<std::_Simple_types<AI::Entity *>>>
          ]
  C:\Program Files\Microsoft Visual Studio\2022\Community\VC\Tools\MSVC\14.38.33130\include\xstring(5042,17):
  or       'bool std::operator ==(const _Elem *const ,const std::basic_string<_Elem,_Traits,_Alloc> &)'
  	C:\Users\lcv2142944\Desktop\AICourse\Code\AI\Src\AIWorld.cpp(18,2):
  	'bool std::operator ==(const _Elem *const ,const std::basic_string<_Elem,_Traits,_Alloc> &)': could not deduce template argument for 'const _Elem *const ' from '_InIt'
          with
          [
              _InIt=std::_Vector_iterator<std::_Vector_val<std::_Simple_types<AI::Entity *>>>
          ]
  C:\Program Files\Microsoft Visual Studio\2022\Community\VC\Tools\MSVC\14.38.33130\include\iterator(306,17):
  or       'bool std::operator ==(const std::istream_iterator<_Ty,_Elem,_Traits,_Diff> &,const std::istream_iterator<_Ty,_Elem,_Traits,_Diff> &) noexcept'
  	C:\Users\lcv2142944\Desktop\AICourse\Code\AI\Src\AIWorld.cpp(18,2):
  	'bool std::operator ==(const std::istream_iterator<_Ty,_Elem,_Traits,_Diff> &,const std::istream_iterator<_Ty,_Elem,_Traits,_Diff> &) noexcept': could not deduce template argument for 'const std::istream_iterator<_Ty,_Elem,_Traits,_Diff> &' from '_InIt'
          with
          [
              _InIt=std::_Vector_iterator<std::_Vector_val<std::_Simple_types<AI::Entity *>>>
          ]
  C:\Program Files\Microsoft Visual Studio\2022\Community\VC\Tools\MSVC\14.38.33130\include\iterator(488,17):
  or       'bool std::operator ==(const std::istreambuf_iterator<_Elem,_Traits> &,const std::istreambuf_iterator<_Elem,_Traits> &)'
  	C:\Users\lcv2142944\Desktop\AICourse\Code\AI\Src\AIWorld.cpp(18,2):
  	'bool std::operator ==(const std::istreambuf_iterator<_Elem,_Traits> &,const std::istreambuf_iterator<_Elem,_Traits> &)': could not deduce template argument for 'const std::istreambuf_iterator<_Elem,_Traits> &' from '_InIt'
          with
          [
              _InIt=std::_Vector_iterator<std::_Vector_val<std::_Simple_types<AI::Entity *>>>
          ]
  C:\Program Files\Microsoft Visual Studio\2022\Community\VC\Tools\MSVC\14.38.33130\include\memory(1874,17):
  or       'bool std::operator ==(const std::shared_ptr<_Ty> &,const std::shared_ptr<_Ty0> &) noexcept'
  	C:\Users\lcv2142944\Desktop\AICourse\Code\AI\Src\AIWorld.cpp(18,2):
  	'bool std::operator ==(const std::shared_ptr<_Ty> &,const std::shared_ptr<_Ty0> &) noexcept': could not deduce template argument for 'const std::shared_ptr<_Ty> &' from '_InIt'
          with
          [
              _InIt=std::_Vector_iterator<std::_Vector_val<std::_Simple_types<AI::Entity *>>>
          ]
  C:\Program Files\Microsoft Visual Studio\2022\Community\VC\Tools\MSVC\14.38.33130\include\memory(1911,17):
  or       'bool std::operator ==(const std::shared_ptr<_Ty> &,std::nullptr_t) noexcept'
  	C:\Users\lcv2142944\Desktop\AICourse\Code\AI\Src\AIWorld.cpp(18,2):
  	'bool std::operator ==(const std::shared_ptr<_Ty> &,std::nullptr_t) noexcept': could not deduce template argument for 'const std::shared_ptr<_Ty> &' from '_InIt'
          with
          [
              _InIt=std::_Vector_iterator<std::_Vector_val<std::_Simple_types<AI::Entity *>>>
          ]
  C:\Program Files\Microsoft Visual Studio\2022\Community\VC\Tools\MSVC\14.38.33130\include\memory(1922,17):
  or       'bool std::operator ==(std::nullptr_t,const std::shared_ptr<_Ty> &) noexcept'
  	C:\Users\lcv2142944\Desktop\AICourse\Code\AI\Src\AIWorld.cpp(18,2):
  	'bool std::operator ==(std::nullptr_t,const std::shared_ptr<_Ty> &) noexcept': could not deduce template argument for 'const std::shared_ptr<_Ty> &' from 'AI::EntityPtrs'
  C:\Program Files\Microsoft Visual Studio\2022\Community\VC\Tools\MSVC\14.38.33130\include\memory(3501,30):
  or       'bool std::operator ==(const std::unique_ptr<_Ty,_Dx> &,const std::unique_ptr<_Ty2,_Dx2> &)'
  	C:\Users\lcv2142944\Desktop\AICourse\Code\AI\Src\AIWorld.cpp(18,2):
  	'bool std::operator ==(const std::unique_ptr<_Ty,_Dx> &,const std::unique_ptr<_Ty2,_Dx2> &)': could not deduce template argument for 'const std::unique_ptr<_Ty,_Dx> &' from '_InIt'
          with
          [
              _InIt=std::_Vector_iterator<std::_Vector_val<std::_Simple_types<AI::Entity *>>>
          ]
  C:\Program Files\Microsoft Visual Studio\2022\Community\VC\Tools\MSVC\14.38.33130\include\memory(3549,30):
  or       'bool std::operator ==(const std::unique_ptr<_Ty,_Dx> &,std::nullptr_t) noexcept'
  	C:\Users\lcv2142944\Desktop\AICourse\Code\AI\Src\AIWorld.cpp(18,2):
  	'bool std::operator ==(const std::unique_ptr<_Ty,_Dx> &,std::nullptr_t) noexcept': could not deduce template argument for 'const std::unique_ptr<_Ty,_Dx> &' from '_InIt'
          with
          [
              _InIt=std::_Vector_iterator<std::_Vector_val<std::_Simple_types<AI::Entity *>>>
          ]
  C:\Program Files\Microsoft Visual Studio\2022\Community\VC\Tools\MSVC\14.38.33130\include\memory(3555,17):
  or       'bool std::operator ==(std::nullptr_t,const std::unique_ptr<_Ty,_Dx> &) noexcept'
  	C:\Users\lcv2142944\Desktop\AICourse\Code\AI\Src\AIWorld.cpp(18,2):
  	'bool std::operator ==(std::nullptr_t,const std::unique_ptr<_Ty,_Dx> &) noexcept': could not deduce template argument for 'const std::unique_ptr<_Ty,_Dx> &' from 'AI::EntityPtrs'
  C:\Program Files\Microsoft Visual Studio\2022\Community\VC\Tools\MSVC\14.38.33130\include\vector(2229,30):
  or       'bool std::operator ==(const std::vector<_Ty,_Alloc> &,const std::vector<_Ty,_Alloc> &)'
  	C:\Users\lcv2142944\Desktop\AICourse\Code\AI\Src\AIWorld.cpp(18,2):
  	'bool std::operator ==(const std::vector<_Ty,_Alloc> &,const std::vector<_Ty,_Alloc> &)': could not deduce template argument for 'const std::vector<_Ty,_Alloc> &' from '_InIt'
          with
          [
              _InIt=std::_Vector_iterator<std::_Vector_val<std::_Simple_types<AI::Entity *>>>
          ]
  C:\Program Files\Microsoft Visual Studio\2022\Community\VC\Tools\MSVC\14.38.33130\include\list(1875,17):
  or       'bool std::operator ==(const std::list<_Ty,_Alloc> &,const std::list<_Ty,_Alloc> &)'
  	C:\Users\lcv2142944\Desktop\AICourse\Code\AI\Src\AIWorld.cpp(18,2):
  	'bool std::operator ==(const std::list<_Ty,_Alloc> &,const std::list<_Ty,_Alloc> &)': could not deduce template argument for 'const std::list<_Ty,_Alloc> &' from '_InIt'
          with
          [
              _InIt=std::_Vector_iterator<std::_Vector_val<std::_Simple_types<AI::Entity *>>>
          ]
  C:\Program Files\Microsoft Visual Studio\2022\Community\VC\Tools\MSVC\14.38.33130\include\unordered_map(540,17):
  or       'bool std::operator ==(const std::unordered_map<_Kty,_Ty,_Hasher,_Keyeq,_Alloc> &,const std::unordered_map<_Kty,_Ty,_Hasher,_Keyeq,_Alloc> &)'
  	C:\Users\lcv2142944\Desktop\AICourse\Code\AI\Src\AIWorld.cpp(18,2):
  	'bool std::operator ==(const std::unordered_map<_Kty,_Ty,_Hasher,_Keyeq,_Alloc> &,const std::unordered_map<_Kty,_Ty,_Hasher,_Keyeq,_Alloc> &)': could not deduce template argument for 'const std::unordered_map<_Kty,_Ty,_Hasher,_Keyeq,_Alloc> &' from '_InIt'
          with
          [
              _InIt=std::_Vector_iterator<std::_Vector_val<std::_Simple_types<AI::Entity *>>>
          ]
  C:\Program Files\Microsoft Visual Studio\2022\Community\VC\Tools\MSVC\14.38.33130\include\unordered_map(911,17):
  or       'bool std::operator ==(const std::unordered_multimap<_Kty,_Ty,_Hasher,_Keyeq,_Alloc> &,const std::unordered_multimap<_Kty,_Ty,_Hasher,_Keyeq,_Alloc> &)'
  	C:\Users\lcv2142944\Desktop\AICourse\Code\AI\Src\AIWorld.cpp(18,2):
  	'bool std::operator ==(const std::unordered_multimap<_Kty,_Ty,_Hasher,_Keyeq,_Alloc> &,const std::unordered_multimap<_Kty,_Ty,_Hasher,_Keyeq,_Alloc> &)': could not deduce template argument for 'const std::unordered_multimap<_Kty,_Ty,_Hasher,_Keyeq,_Alloc> &' from '_InIt'
          with
          [
              _InIt=std::_Vector_iterator<std::_Vector_val<std::_Simple_types<AI::Entity *>>>
          ]
  C:\Program Files\Microsoft Visual Studio\2022\Community\VC\Tools\MSVC\14.38.33130\include\functional(1159,17):
  or       'bool std::operator ==(const std::function<_Fty> &,std::nullptr_t) noexcept'
  	C:\Users\lcv2142944\Desktop\AICourse\Code\AI\Src\AIWorld.cpp(18,2):
  	'bool std::operator ==(const std::function<_Fty> &,std::nullptr_t) noexcept': could not deduce template argument for 'const std::function<_Fty> &' from '_InIt'
          with
          [
              _InIt=std::_Vector_iterator<std::_Vector_val<std::_Simple_types<AI::Entity *>>>
          ]
  C:\Program Files\Microsoft Visual Studio\2022\Community\VC\Tools\MSVC\14.38.33130\include\functional(1165,17):
  or       'bool std::operator ==(std::nullptr_t,const std::function<_Fty> &) noexcept'
  	C:\Users\lcv2142944\Desktop\AICourse\Code\AI\Src\AIWorld.cpp(18,2):
  	'bool std::operator ==(std::nullptr_t,const std::function<_Fty> &) noexcept': could not deduce template argument for 'const std::function<_Fty> &' from 'AI::EntityPtrs'
  C:\Program Files\Microsoft Visual Studio\2022\Community\VC\Tools\MSVC\14.38.33130\include\map(400,17):
  or       'bool std::operator ==(const std::map<_Kty,_Ty,_Pr,_Alloc> &,const std::map<_Kty,_Ty,_Pr,_Alloc> &)'
  	C:\Users\lcv2142944\Desktop\AICourse\Code\AI\Src\AIWorld.cpp(18,2):
  	'bool std::operator ==(const std::map<_Kty,_Ty,_Pr,_Alloc> &,const std::map<_Kty,_Ty,_Pr,_Alloc> &)': could not deduce template argument for 'const std::map<_Kty,_Ty,_Pr,_Alloc> &' from '_InIt'
          with
          [
              _InIt=std::_Vector_iterator<std::_Vector_val<std::_Simple_types<AI::Entity *>>>
          ]
  C:\Program Files\Microsoft Visual Studio\2022\Community\VC\Tools\MSVC\14.38.33130\include\map(633,17):
  or       'bool std::operator ==(const std::multimap<_Kty,_Ty,_Pr,_Alloc> &,const std::multimap<_Kty,_Ty,_Pr,_Alloc> &)'
  	C:\Users\lcv2142944\Desktop\AICourse\Code\AI\Src\AIWorld.cpp(18,2):
  	'bool std::operator ==(const std::multimap<_Kty,_Ty,_Pr,_Alloc> &,const std::multimap<_Kty,_Ty,_Pr,_Alloc> &)': could not deduce template argument for 'const std::multimap<_Kty,_Ty,_Pr,_Alloc> &' from '_InIt'
          with
          [
              _InIt=std::_Vector_iterator<std::_Vector_val<std::_Simple_types<AI::Entity *>>>
          ]
  C:\Program Files\Microsoft Visual Studio\2022\Community\VC\Tools\MSVC\14.38.33130\include\variant(1310,27):
  or       'bool std::operator ==(const std::variant<_Types...> &,const std::variant<_Types...> &) noexcept(<expr>)'
  	C:\Users\lcv2142944\Desktop\AICourse\Code\AI\Src\AIWorld.cpp(18,2):
  	'bool std::operator ==(const std::variant<_Types...> &,const std::variant<_Types...> &) noexcept(<expr>)': could not deduce template argument for 'const std::variant<_Types...> &' from '_InIt'
          with
          [
              _InIt=std::_Vector_iterator<std::_Vector_val<std::_Simple_types<AI::Entity *>>>
          ]
  C:\Users\lcv2142944\Desktop\AICourse\Code\AI\Src\AIWorld.cpp(18,2):
  while trying to match the argument list '(_InIt, AI::EntityPtrs)'
          with
          [
              _InIt=std::_Vector_iterator<std::_Vector_val<std::_Simple_types<AI::Entity *>>>
          ]
  
  Entity.cpp
C:\Users\lcv2142944\Desktop\AICourse\Code\AI\Inc\AIWorld.h(6,33): error C2065: 'Entity': undeclared identifier
  (compiling source file '/Src/Entity.cpp')
  
C:\Users\lcv2142944\Desktop\AICourse\Code\AI\Inc\AIWorld.h(6,40): error C2059: syntax error: '>'
  (compiling source file '/Src/Entity.cpp')
  
C:\Users\lcv2142944\Desktop\AICourse\Code\AI\Inc\AIWorld.h(13,17): error C2061: syntax error: identifier 'Entity'
  (compiling source file '/Src/Entity.cpp')
  
C:\Users\lcv2142944\Desktop\AICourse\Code\AI\Inc\AIWorld.h(14,19): error C2061: syntax error: identifier 'Entity'
  (compiling source file '/Src/Entity.cpp')
  
C:\Users\lcv2142944\Desktop\AICourse\Code\AI\Src\Entity.cpp(8,7): error C2660: 'AI::AIWorld::Register': function does not take 1 arguments
  (compiling source file '/Src/Entity.cpp')
  C:\Users\lcv2142944\Desktop\AICourse\Code\AI\Inc\AIWorld.h(13,8):
  see declaration of 'AI::AIWorld::Register'
  C:\Users\lcv2142944\Desktop\AICourse\Code\AI\Src\Entity.cpp(8,7):
  while trying to match the argument list '(AI::Entity *)'
  
C:\Users\lcv2142944\Desktop\AICourse\Code\AI\Src\Entity.cpp(13,7): error C2660: 'AI::AIWorld::Unregister': function does not take 1 arguments
  (compiling source file '/Src/Entity.cpp')
  C:\Users\lcv2142944\Desktop\AICourse\Code\AI\Inc\AIWorld.h(14,8):
  see declaration of 'AI::AIWorld::Unregister'
  C:\Users\lcv2142944\Desktop\AICourse\Code\AI\Src\Entity.cpp(13,7):
  while trying to match the argument list '(AI::Entity *)'
  
  Generating Code...
